build/app/intermediates/manifest_merge_blame_file/debug/manifest-merger-blame-debug-report.txt
1<?xml version="1.0" encoding="utf-8"?>
2<manifest xmlns:android="http://schemas.android.com/apk/res/android"
3    package="com.example.flutter_ncov"
4    android:versionCode="1"
5    android:versionName="1.0.0" >
6
7    <uses-sdk
8        android:minSdkVersion="16"
9        android:targetSdkVersion="28" />
10    <!--
11         Flutter needs it to communicate with the running application
12         to allow setting breakpoints, to provide hot reload, etc.
13    -->
14    <uses-permission android:name="android.permission.INTERNET" />
14-->src/main/AndroidManifest.xml:5:5-67
14-->src/main/AndroidManifest.xml:5:22-64
15    <uses-permission android:name="android.permission.READ_PHONE_STATE" />
15-->src/main/AndroidManifest.xml:3:5-75
15-->src/main/AndroidManifest.xml:3:22-72
16    <uses-permission android:name="android.permission.ACCESS_NETWORK_STATE" />
16-->src/main/AndroidManifest.xml:7:5-79
16-->src/main/AndroidManifest.xml:7:22-76
17    <uses-permission android:name="android.permission.ACCESS_WIFI_STATE" />
17-->src/main/AndroidManifest.xml:9:5-76
17-->src/main/AndroidManifest.xml:9:22-73
18    <!--
19 io.flutter.app.FlutterApplication is an android.app.Application that
20         calls FlutterMain.startInitialization(this); in its onCreate method.
21         In most cases you can leave this as-is, but you if you want to provide
22         additional functionality it is fine to subclass or reimplement
23         FlutterApplication and put your custom class here.
24    -->
25    <application
25-->src/main/AndroidManifest.xml:15:5-40:19
26        android:name="io.flutter.app.FlutterApplication"
26-->src/main/AndroidManifest.xml:16:9-57
27        android:appComponentFactory="androidx.core.app.CoreComponentFactory"
27-->[androidx.core:core:1.0.0] AndroidManifest.xml:22:18-86
28        android:debuggable="true"
29        android:icon="@mipmap/ic_launcher"
29-->src/main/AndroidManifest.xml:18:9-43
30        android:label="flutter_ncov"
30-->src/main/AndroidManifest.xml:17:9-37
31        android:networkSecurityConfig="@xml/network_security_config" >
31-->src/main/AndroidManifest.xml:19:9-69
32        <activity
32-->src/main/AndroidManifest.xml:21:9-39:20
33            android:name="com.example.flutter_ncov.MainActivity"
33-->src/main/AndroidManifest.xml:22:13-41
34            android:configChanges="orientation|keyboardHidden|keyboard|screenSize|smallestScreenSize|locale|layoutDirection|fontScale|screenLayout|density|uiMode"
34-->src/main/AndroidManifest.xml:25:13-163
35            android:hardwareAccelerated="true"
35-->src/main/AndroidManifest.xml:26:13-47
36            android:launchMode="singleTop"
36-->src/main/AndroidManifest.xml:23:13-43
37            android:theme="@style/LaunchTheme"
37-->src/main/AndroidManifest.xml:24:13-47
38            android:windowSoftInputMode="adjustResize" >
38-->src/main/AndroidManifest.xml:27:13-55
39
40            <!--
41                 This keeps the window background of the activity showing
42                 until Flutter renders its first frame. It can be removed if
43                 there is no splash screen (such as the default splash screen
44                 defined in @style/LaunchTheme).
45            -->
46            <meta-data
46-->src/main/AndroidManifest.xml:32:13-34:40
47                android:name="io.flutter.app.android.SplashScreenUntilFirstFrame"
47-->src/main/AndroidManifest.xml:33:17-82
48                android:value="true" />
48-->src/main/AndroidManifest.xml:34:17-37
49
50            <intent-filter>
50-->src/main/AndroidManifest.xml:35:13-38:29
51                <action android:name="android.intent.action.MAIN" />
51-->src/main/AndroidManifest.xml:36:17-68
51-->src/main/AndroidManifest.xml:36:25-66
52
53                <category android:name="android.intent.category.LAUNCHER" />
53-->src/main/AndroidManifest.xml:37:17-76
53-->src/main/AndroidManifest.xml:37:27-74
54            </intent-filter>
55        </activity>
56    </application>
57
58</manifest>